2022-04-24 12:22:12,829 [Worker-3: Loading available Gradle versions] INFO  o.e.b.c.i.u.g.PublishedGradleVersions - Gradle version information cache is up-to-date. Trying to read.
2022-04-24 12:22:51,524 [Worker-15: Building workspace] INFO  o.e.m.c.i.l.LifecycleMappingFactory - Using org.maven.ide.eclipse.wtp.WarLifecycleMapping lifecycle mapping for MavenProject: com.Payment_Management:Payment_Management:0.0.1-SNAPSHOT @ C:\Users\User\Desktop\new\ElectroGrid\ElectroGrid_Services\payment_service\Payment_Services\pom.xml.
2022-04-24 12:22:51,524 [Worker-6: Updating Maven Dependencies] INFO  o.e.m.c.i.l.LifecycleMappingFactory - Using org.maven.ide.eclipse.wtp.WarLifecycleMapping lifecycle mapping for MavenProject: com.Payment_Management:Payment_Management:0.0.1-SNAPSHOT @ C:\Users\User\Desktop\new\ElectroGrid\ElectroGrid_Services\payment_service\Payment_Services\pom.xml.
2022-04-24 12:22:54,510 [Worker-15: Building workspace] WARN  o.e.m.c.i.embedder.EclipseLogger - Using platform encoding (Cp1252 actually) to copy filtered resources, i.e. build is platform dependent!
2022-04-24 12:22:54,540 [Worker-15: Building workspace] INFO  o.e.m.c.i.embedder.EclipseLogger - skip non existing resourceDirectory C:\Users\User\Desktop\new\ElectroGrid\ElectroGrid_Services\payment_service\Payment_Services\src\main\resources
2022-04-24 12:22:54,547 [Worker-15: Building workspace] WARN  o.e.m.c.i.embedder.EclipseLogger - Using platform encoding (Cp1252 actually) to copy filtered resources, i.e. build is platform dependent!
2022-04-24 12:22:54,548 [Worker-15: Building workspace] INFO  o.e.m.c.i.embedder.EclipseLogger - skip non existing resourceDirectory C:\Users\User\Desktop\new\ElectroGrid\ElectroGrid_Services\payment_service\Payment_Services\src\test\resources
2022-04-24 12:22:57,029 [Worker-2: Updating Maven Dependencies] INFO  o.e.m.c.i.l.LifecycleMappingFactory - Using org.maven.ide.eclipse.wtp.WarLifecycleMapping lifecycle mapping for MavenProject: com.Payment_Management:Payment_Management:0.0.1-SNAPSHOT @ C:\Users\User\Desktop\new\ElectroGrid\ElectroGrid_Services\payment_service\Payment_Services\pom.xml.
2022-04-24 12:22:57,054 [Worker-14: Building workspace] WARN  o.e.m.c.i.embedder.EclipseLogger - Using platform encoding (Cp1252 actually) to copy filtered resources, i.e. build is platform dependent!
2022-04-24 12:22:57,067 [Worker-14: Building workspace] INFO  o.e.m.c.i.embedder.EclipseLogger - skip non existing resourceDirectory C:\Users\User\Desktop\new\ElectroGrid\ElectroGrid_Services\payment_service\Payment_Services\src\main\resources
2022-04-24 12:22:57,073 [Worker-14: Building workspace] WARN  o.e.m.c.i.embedder.EclipseLogger - Using platform encoding (Cp1252 actually) to copy filtered resources, i.e. build is platform dependent!
2022-04-24 12:22:57,075 [Worker-14: Building workspace] INFO  o.e.m.c.i.embedder.EclipseLogger - skip non existing resourceDirectory C:\Users\User\Desktop\new\ElectroGrid\ElectroGrid_Services\payment_service\Payment_Services\src\test\resources
2022-04-24 12:22:58,686 [Worker-7: Building workspace] WARN  o.e.m.c.i.embedder.EclipseLogger - Using platform encoding (Cp1252 actually) to copy filtered resources, i.e. build is platform dependent!
2022-04-24 12:22:58,687 [Worker-7: Building workspace] INFO  o.e.m.c.i.embedder.EclipseLogger - skip non existing resourceDirectory C:\Users\User\Desktop\new\ElectroGrid\ElectroGrid_Services\payment_service\Payment_Services\src\main\resources
2022-04-24 12:22:58,692 [Worker-7: Building workspace] WARN  o.e.m.c.i.embedder.EclipseLogger - Using platform encoding (Cp1252 actually) to copy filtered resources, i.e. build is platform dependent!
2022-04-24 12:22:58,693 [Worker-7: Building workspace] INFO  o.e.m.c.i.embedder.EclipseLogger - skip non existing resourceDirectory C:\Users\User\Desktop\new\ElectroGrid\ElectroGrid_Services\payment_service\Payment_Services\src\test\resources
2022-04-24 12:24:33,927 [Worker-0: Building workspace] WARN  o.e.m.c.i.embedder.EclipseLogger - Using platform encoding (Cp1252 actually) to copy filtered resources, i.e. build is platform dependent!
2022-04-24 12:24:33,929 [Worker-0: Building workspace] INFO  o.e.m.c.i.embedder.EclipseLogger - skip non existing resourceDirectory C:\Users\User\Desktop\new\ElectroGrid\ElectroGrid_Services\payment_service\Payment_Services\src\main\resources
2022-04-24 12:24:33,931 [Worker-0: Building workspace] WARN  o.e.m.c.i.embedder.EclipseLogger - Using platform encoding (Cp1252 actually) to copy filtered resources, i.e. build is platform dependent!
2022-04-24 12:24:33,932 [Worker-0: Building workspace] INFO  o.e.m.c.i.embedder.EclipseLogger - skip non existing resourceDirectory C:\Users\User\Desktop\new\ElectroGrid\ElectroGrid_Services\payment_service\Payment_Services\src\test\resources
2022-04-24 12:47:17,782 [Worker-21: Building workspace] WARN  o.e.m.c.i.embedder.EclipseLogger - Using platform encoding (Cp1252 actually) to copy filtered resources, i.e. build is platform dependent!
2022-04-24 12:47:17,784 [Worker-21: Building workspace] INFO  o.e.m.c.i.embedder.EclipseLogger - skip non existing resourceDirectory C:\Users\User\Desktop\new\ElectroGrid\ElectroGrid_Services\payment_service\Payment_Services\src\main\resources
2022-04-24 12:47:17,785 [Worker-21: Building workspace] WARN  o.e.m.c.i.embedder.EclipseLogger - Using platform encoding (Cp1252 actually) to copy filtered resources, i.e. build is platform dependent!
2022-04-24 12:47:17,786 [Worker-21: Building workspace] INFO  o.e.m.c.i.embedder.EclipseLogger - skip non existing resourceDirectory C:\Users\User\Desktop\new\ElectroGrid\ElectroGrid_Services\payment_service\Payment_Services\src\test\resources
2022-04-24 12:47:19,015 [Worker-19: Building workspace] WARN  o.e.m.c.i.embedder.EclipseLogger - Using platform encoding (Cp1252 actually) to copy filtered resources, i.e. build is platform dependent!
2022-04-24 12:47:19,016 [Worker-19: Building workspace] INFO  o.e.m.c.i.embedder.EclipseLogger - skip non existing resourceDirectory C:\Users\User\Desktop\new\ElectroGrid\ElectroGrid_Services\payment_service\Payment_Services\src\main\resources
2022-04-24 12:47:19,018 [Worker-19: Building workspace] WARN  o.e.m.c.i.embedder.EclipseLogger - Using platform encoding (Cp1252 actually) to copy filtered resources, i.e. build is platform dependent!
2022-04-24 12:47:19,019 [Worker-19: Building workspace] INFO  o.e.m.c.i.embedder.EclipseLogger - skip non existing resourceDirectory C:\Users\User\Desktop\new\ElectroGrid\ElectroGrid_Services\payment_service\Payment_Services\src\test\resources
2022-04-24 13:14:21,567 [Worker-29: Building workspace] WARN  o.e.m.c.i.embedder.EclipseLogger - Using platform encoding (Cp1252 actually) to copy filtered resources, i.e. build is platform dependent!
2022-04-24 13:14:21,569 [Worker-29: Building workspace] INFO  o.e.m.c.i.embedder.EclipseLogger - skip non existing resourceDirectory C:\Users\User\Desktop\new\ElectroGrid\ElectroGrid_Services\payment_service\Payment_Services\src\main\resources
2022-04-24 13:14:21,572 [Worker-29: Building workspace] WARN  o.e.m.c.i.embedder.EclipseLogger - Using platform encoding (Cp1252 actually) to copy filtered resources, i.e. build is platform dependent!
2022-04-24 13:14:21,573 [Worker-29: Building workspace] INFO  o.e.m.c.i.embedder.EclipseLogger - skip non existing resourceDirectory C:\Users\User\Desktop\new\ElectroGrid\ElectroGrid_Services\payment_service\Payment_Services\src\test\resources
2022-04-24 13:14:22,809 [Worker-29: Building workspace] WARN  o.e.m.c.i.embedder.EclipseLogger - Using platform encoding (Cp1252 actually) to copy filtered resources, i.e. build is platform dependent!
2022-04-24 13:14:22,813 [Worker-29: Building workspace] INFO  o.e.m.c.i.embedder.EclipseLogger - skip non existing resourceDirectory C:\Users\User\Desktop\new\ElectroGrid\ElectroGrid_Services\payment_service\Payment_Services\src\main\resources
2022-04-24 13:14:22,817 [Worker-29: Building workspace] WARN  o.e.m.c.i.embedder.EclipseLogger - Using platform encoding (Cp1252 actually) to copy filtered resources, i.e. build is platform dependent!
2022-04-24 13:14:22,819 [Worker-29: Building workspace] INFO  o.e.m.c.i.embedder.EclipseLogger - skip non existing resourceDirectory C:\Users\User\Desktop\new\ElectroGrid\ElectroGrid_Services\payment_service\Payment_Services\src\test\resources
